<?xml version="1.0" encoding="UTF-8"?>
<coverage line-rate="0.906148867313916" branch-rate="0" lines-covered="840" lines-valid="927" branches-covered="0" branches-valid="0" complexity="0" version="3.6.1" timestamp="2023-01-25 14:49:36">
  <sources/>
  <packages>
    <package name="rbqmR" line-rate="0.906148867313916" branch-rate="0" complexity="0">
      <classes>
        <class name="applyQtl.R" filename="R/applyQtl.R" line-rate="1" branch-rate="0" complexity="0">
          <methods>
            <method name="applyQtl" signature="" line-rate="1" branch-rate="0">
              <lines>
                <line number="19" hits="2" branch="false"/>
                <line number="20" hits="5" branch="false"/>
                <line number="21" hits="1" branch="false"/>
                <line number="22" hits="1" branch="false"/>
                <line number="23" hits="1" branch="false"/>
                <line number="24" hits="1" branch="false"/>
                <line number="25" hits="1" branch="false"/>
                <line number="26" hits="1" branch="false"/>
                <line number="27" hits="1" branch="false"/>
                <line number="29" hits="1" branch="false"/>
                <line number="31" hits="3" branch="false"/>
                <line number="32" hits="3" branch="false"/>
                <line number="34" hits="3" branch="false"/>
                <line number="35" hits="3" branch="false"/>
                <line number="36" hits="2" branch="false"/>
                <line number="38" hits="3" branch="false"/>
                <line number="39" hits="2" branch="false"/>
                <line number="42" hits="3" branch="false"/>
                <line number="43" hits="3" branch="false"/>
                <line number="44" hits="3" branch="false"/>
                <line number="45" hits="3" branch="false"/>
              </lines>
            </method>
          </methods>
          <lines>
            <line number="19" hits="2" branch="false"/>
            <line number="20" hits="5" branch="false"/>
            <line number="21" hits="1" branch="false"/>
            <line number="22" hits="1" branch="false"/>
            <line number="23" hits="1" branch="false"/>
            <line number="24" hits="1" branch="false"/>
            <line number="25" hits="1" branch="false"/>
            <line number="26" hits="1" branch="false"/>
            <line number="27" hits="1" branch="false"/>
            <line number="29" hits="1" branch="false"/>
            <line number="31" hits="3" branch="false"/>
            <line number="32" hits="3" branch="false"/>
            <line number="34" hits="3" branch="false"/>
            <line number="35" hits="3" branch="false"/>
            <line number="36" hits="2" branch="false"/>
            <line number="38" hits="3" branch="false"/>
            <line number="39" hits="2" branch="false"/>
            <line number="42" hits="3" branch="false"/>
            <line number="43" hits="3" branch="false"/>
            <line number="44" hits="3" branch="false"/>
            <line number="45" hits="3" branch="false"/>
          </lines>
        </class>
        <class name="autorunJagsAndCaptureOutput.R" filename="R/autorunJagsAndCaptureOutput.R" line-rate="0.869565217391304" branch-rate="0" complexity="0">
          <methods>
            <method name=".autorunJagsAndCaptureOutput" signature="" line-rate="0.869565217391304" branch-rate="0">
              <lines>
                <line number="21" hits="14" branch="false"/>
                <line number="22" hits="14" branch="false"/>
                <line number="24" hits="2" branch="false"/>
                <line number="25" hits="1" branch="false"/>
                <line number="28" hits="11" branch="false"/>
                <line number="29" hits="11" branch="false"/>
                <line number="31" hits="11" branch="false"/>
                <line number="32" hits="11" branch="false"/>
                <line number="33" hits="11" branch="false"/>
                <line number="34" hits="11" branch="false"/>
                <line number="35" hits="11" branch="false"/>
                <line number="36" hits="11" branch="false"/>
                <line number="37" hits="11" branch="false"/>
                <line number="38" hits="11" branch="false"/>
                <line number="39" hits="11" branch="false"/>
                <line number="40" hits="11" branch="false"/>
                <line number="41" hits="11" branch="false"/>
                <line number="42" hits="11" branch="false"/>
                <line number="44" hits="11" branch="false"/>
                <line number="45" hits="11" branch="false"/>
                <line number="46" hits="11" branch="false"/>
                <line number="47" hits="11" branch="false"/>
                <line number="48" hits="1" branch="false"/>
                <line number="49" hits="1" branch="false"/>
                <line number="50" hits="1" branch="false"/>
                <line number="52" hits="10" branch="false"/>
                <line number="53" hits="10" branch="false"/>
                <line number="54" hits="10" branch="false"/>
                <line number="55" hits="10" branch="false"/>
                <line number="56" hits="10" branch="false"/>
                <line number="57" hits="10" branch="false"/>
                <line number="58" hits="10" branch="false"/>
                <line number="59" hits="10" branch="false"/>
                <line number="60" hits="10" branch="false"/>
                <line number="61" hits="10" branch="false"/>
                <line number="62" hits="10" branch="false"/>
                <line number="63" hits="0" branch="false"/>
                <line number="64" hits="0" branch="false"/>
                <line number="65" hits="0" branch="false"/>
                <line number="66" hits="0" branch="false"/>
                <line number="68" hits="10" branch="false"/>
                <line number="70" hits="10" branch="false"/>
                <line number="72" hits="11" branch="false"/>
                <line number="73" hits="11" branch="false"/>
                <line number="75" hits="0" branch="false"/>
                <line number="76" hits="0" branch="false"/>
              </lines>
            </method>
          </methods>
          <lines>
            <line number="21" hits="14" branch="false"/>
            <line number="22" hits="14" branch="false"/>
            <line number="24" hits="2" branch="false"/>
            <line number="25" hits="1" branch="false"/>
            <line number="28" hits="11" branch="false"/>
            <line number="29" hits="11" branch="false"/>
            <line number="31" hits="11" branch="false"/>
            <line number="32" hits="11" branch="false"/>
            <line number="33" hits="11" branch="false"/>
            <line number="34" hits="11" branch="false"/>
            <line number="35" hits="11" branch="false"/>
            <line number="36" hits="11" branch="false"/>
            <line number="37" hits="11" branch="false"/>
            <line number="38" hits="11" branch="false"/>
            <line number="39" hits="11" branch="false"/>
            <line number="40" hits="11" branch="false"/>
            <line number="41" hits="11" branch="false"/>
            <line number="42" hits="11" branch="false"/>
            <line number="44" hits="11" branch="false"/>
            <line number="45" hits="11" branch="false"/>
            <line number="46" hits="11" branch="false"/>
            <line number="47" hits="11" branch="false"/>
            <line number="48" hits="1" branch="false"/>
            <line number="49" hits="1" branch="false"/>
            <line number="50" hits="1" branch="false"/>
            <line number="52" hits="10" branch="false"/>
            <line number="53" hits="10" branch="false"/>
            <line number="54" hits="10" branch="false"/>
            <line number="55" hits="10" branch="false"/>
            <line number="56" hits="10" branch="false"/>
            <line number="57" hits="10" branch="false"/>
            <line number="58" hits="10" branch="false"/>
            <line number="59" hits="10" branch="false"/>
            <line number="60" hits="10" branch="false"/>
            <line number="61" hits="10" branch="false"/>
            <line number="62" hits="10" branch="false"/>
            <line number="63" hits="0" branch="false"/>
            <line number="64" hits="0" branch="false"/>
            <line number="65" hits="0" branch="false"/>
            <line number="66" hits="0" branch="false"/>
            <line number="68" hits="10" branch="false"/>
            <line number="70" hits="10" branch="false"/>
            <line number="72" hits="11" branch="false"/>
            <line number="73" hits="11" branch="false"/>
            <line number="75" hits="0" branch="false"/>
            <line number="76" hits="0" branch="false"/>
          </lines>
        </class>
        <class name="createBinomialInit.R" filename="R/createBinomialInit.R" line-rate="0.930232558139535" branch-rate="0" complexity="0">
          <methods>
            <method name=".createBinomialInit" signature="" line-rate="0.930232558139535" branch-rate="0">
              <lines>
                <line number="48" hits="4035" branch="false"/>
                <line number="49" hits="4035" branch="false"/>
                <line number="51" hits="4035" branch="false"/>
                <line number="54" hits="2" branch="false"/>
                <line number="55" hits="2" branch="false"/>
                <line number="56" hits="4031" branch="false"/>
                <line number="57" hits="1" branch="false"/>
                <line number="58" hits="1" branch="false"/>
                <line number="59" hits="1" branch="false"/>
                <line number="61" hits="2" branch="false"/>
                <line number="62" hits="2" branch="false"/>
                <line number="64" hits="4024" branch="false"/>
                <line number="65" hits="1" branch="false"/>
                <line number="66" hits="1" branch="false"/>
                <line number="68" hits="4024" branch="false"/>
                <line number="69" hits="1" branch="false"/>
                <line number="70" hits="1" branch="false"/>
                <line number="72" hits="4024" branch="false"/>
                <line number="73" hits="2" branch="false"/>
                <line number="75" hits="4022" branch="false"/>
                <line number="76" hits="0" branch="false"/>
                <line number="77" hits="0" branch="false"/>
                <line number="78" hits="0" branch="false"/>
                <line number="81" hits="4022" branch="false"/>
                <line number="82" hits="4022" branch="false"/>
                <line number="83" hits="4022" branch="false"/>
                <line number="84" hits="4022" branch="false"/>
                <line number="85" hits="4022" branch="false"/>
                <line number="86" hits="4022" branch="false"/>
                <line number="89" hits="4021" branch="false"/>
                <line number="90" hits="4021" branch="false"/>
                <line number="92" hits="1" branch="false"/>
                <line number="93" hits="1" branch="false"/>
                <line number="94" hits="1" branch="false"/>
                <line number="95" hits="1" branch="false"/>
                <line number="96" hits="1" branch="false"/>
                <line number="97" hits="1" branch="false"/>
                <line number="98" hits="1" branch="false"/>
                <line number="99" hits="1" branch="false"/>
                <line number="100" hits="1" branch="false"/>
                <line number="101" hits="1" branch="false"/>
                <line number="103" hits="4022" branch="false"/>
                <line number="104" hits="4022" branch="false"/>
              </lines>
            </method>
          </methods>
          <lines>
            <line number="48" hits="4035" branch="false"/>
            <line number="49" hits="4035" branch="false"/>
            <line number="51" hits="4035" branch="false"/>
            <line number="54" hits="2" branch="false"/>
            <line number="55" hits="2" branch="false"/>
            <line number="56" hits="4031" branch="false"/>
            <line number="57" hits="1" branch="false"/>
            <line number="58" hits="1" branch="false"/>
            <line number="59" hits="1" branch="false"/>
            <line number="61" hits="2" branch="false"/>
            <line number="62" hits="2" branch="false"/>
            <line number="64" hits="4024" branch="false"/>
            <line number="65" hits="1" branch="false"/>
            <line number="66" hits="1" branch="false"/>
            <line number="68" hits="4024" branch="false"/>
            <line number="69" hits="1" branch="false"/>
            <line number="70" hits="1" branch="false"/>
            <line number="72" hits="4024" branch="false"/>
            <line number="73" hits="2" branch="false"/>
            <line number="75" hits="4022" branch="false"/>
            <line number="76" hits="0" branch="false"/>
            <line number="77" hits="0" branch="false"/>
            <line number="78" hits="0" branch="false"/>
            <line number="81" hits="4022" branch="false"/>
            <line number="82" hits="4022" branch="false"/>
            <line number="83" hits="4022" branch="false"/>
            <line number="84" hits="4022" branch="false"/>
            <line number="85" hits="4022" branch="false"/>
            <line number="86" hits="4022" branch="false"/>
            <line number="89" hits="4021" branch="false"/>
            <line number="90" hits="4021" branch="false"/>
            <line number="92" hits="1" branch="false"/>
            <line number="93" hits="1" branch="false"/>
            <line number="94" hits="1" branch="false"/>
            <line number="95" hits="1" branch="false"/>
            <line number="96" hits="1" branch="false"/>
            <line number="97" hits="1" branch="false"/>
            <line number="98" hits="1" branch="false"/>
            <line number="99" hits="1" branch="false"/>
            <line number="100" hits="1" branch="false"/>
            <line number="101" hits="1" branch="false"/>
            <line number="103" hits="4022" branch="false"/>
            <line number="104" hits="4022" branch="false"/>
          </lines>
        </class>
        <class name="createObservedMinusExpectedPlot.R" filename="R/createObservedMinusExpectedPlot.R" line-rate="1" branch-rate="0" complexity="0">
          <methods>
            <method name="createObservedMinusExpectedPlot" signature="" line-rate="1" branch-rate="0">
              <lines>
                <line number="38" hits="4" branch="false"/>
                <line number="39" hits="4" branch="false"/>
                <line number="41" hits="2" branch="false"/>
                <line number="42" hits="2" branch="false"/>
                <line number="43" hits="1" branch="false"/>
                <line number="44" hits="1" branch="false"/>
                <line number="45" hits="1" branch="false"/>
                <line number="46" hits="1" branch="false"/>
                <line number="47" hits="1" branch="false"/>
                <line number="48" hits="1" branch="false"/>
                <line number="49" hits="1" branch="false"/>
                <line number="52" hits="1" branch="false"/>
                <line number="53" hits="1" branch="false"/>
                <line number="54" hits="1" branch="false"/>
                <line number="55" hits="1" branch="false"/>
                <line number="56" hits="1" branch="false"/>
                <line number="57" hits="1" branch="false"/>
                <line number="58" hits="1" branch="false"/>
                <line number="59" hits="1" branch="false"/>
                <line number="60" hits="1" branch="false"/>
                <line number="61" hits="1" branch="false"/>
                <line number="62" hits="1" branch="false"/>
                <line number="63" hits="1" branch="false"/>
                <line number="64" hits="1" branch="false"/>
                <line number="65" hits="1" branch="false"/>
                <line number="66" hits="1" branch="false"/>
                <line number="67" hits="1" branch="false"/>
                <line number="68" hits="1" branch="false"/>
                <line number="69" hits="1" branch="false"/>
                <line number="70" hits="1" branch="false"/>
                <line number="71" hits="1" branch="false"/>
                <line number="72" hits="1" branch="false"/>
                <line number="73" hits="1" branch="false"/>
                <line number="74" hits="1" branch="false"/>
                <line number="76" hits="1" branch="false"/>
                <line number="77" hits="1" branch="false"/>
                <line number="78" hits="1" branch="false"/>
                <line number="80" hits="1" branch="false"/>
                <line number="83" hits="1" branch="false"/>
                <line number="84" hits="1" branch="false"/>
                <line number="87" hits="1" branch="false"/>
                <line number="88" hits="1" branch="false"/>
                <line number="89" hits="1" branch="false"/>
                <line number="91" hits="1" branch="false"/>
                <line number="92" hits="1" branch="false"/>
                <line number="94" hits="1" branch="false"/>
                <line number="95" hits="1" branch="false"/>
                <line number="96" hits="1" branch="false"/>
                <line number="97" hits="1" branch="false"/>
                <line number="99" hits="1" branch="false"/>
                <line number="100" hits="1" branch="false"/>
                <line number="101" hits="1" branch="false"/>
                <line number="102" hits="1" branch="false"/>
                <line number="104" hits="1" branch="false"/>
                <line number="105" hits="1" branch="false"/>
              </lines>
            </method>
          </methods>
          <lines>
            <line number="38" hits="4" branch="false"/>
            <line number="39" hits="4" branch="false"/>
            <line number="41" hits="2" branch="false"/>
            <line number="42" hits="2" branch="false"/>
            <line number="43" hits="1" branch="false"/>
            <line number="44" hits="1" branch="false"/>
            <line number="45" hits="1" branch="false"/>
            <line number="46" hits="1" branch="false"/>
            <line number="47" hits="1" branch="false"/>
            <line number="48" hits="1" branch="false"/>
            <line number="49" hits="1" branch="false"/>
            <line number="52" hits="1" branch="false"/>
            <line number="53" hits="1" branch="false"/>
            <line number="54" hits="1" branch="false"/>
            <line number="55" hits="1" branch="false"/>
            <line number="56" hits="1" branch="false"/>
            <line number="57" hits="1" branch="false"/>
            <line number="58" hits="1" branch="false"/>
            <line number="59" hits="1" branch="false"/>
            <line number="60" hits="1" branch="false"/>
            <line number="61" hits="1" branch="false"/>
            <line number="62" hits="1" branch="false"/>
            <line number="63" hits="1" branch="false"/>
            <line number="64" hits="1" branch="false"/>
            <line number="65" hits="1" branch="false"/>
            <line number="66" hits="1" branch="false"/>
            <line number="67" hits="1" branch="false"/>
            <line number="68" hits="1" branch="false"/>
            <line number="69" hits="1" branch="false"/>
            <line number="70" hits="1" branch="false"/>
            <line number="71" hits="1" branch="false"/>
            <line number="72" hits="1" branch="false"/>
            <line number="73" hits="1" branch="false"/>
            <line number="74" hits="1" branch="false"/>
            <line number="76" hits="1" branch="false"/>
            <line number="77" hits="1" branch="false"/>
            <line number="78" hits="1" branch="false"/>
            <line number="80" hits="1" branch="false"/>
            <line number="83" hits="1" branch="false"/>
            <line number="84" hits="1" branch="false"/>
            <line number="87" hits="1" branch="false"/>
            <line number="88" hits="1" branch="false"/>
            <line number="89" hits="1" branch="false"/>
            <line number="91" hits="1" branch="false"/>
            <line number="92" hits="1" branch="false"/>
            <line number="94" hits="1" branch="false"/>
            <line number="95" hits="1" branch="false"/>
            <line number="96" hits="1" branch="false"/>
            <line number="97" hits="1" branch="false"/>
            <line number="99" hits="1" branch="false"/>
            <line number="100" hits="1" branch="false"/>
            <line number="101" hits="1" branch="false"/>
            <line number="102" hits="1" branch="false"/>
            <line number="104" hits="1" branch="false"/>
            <line number="105" hits="1" branch="false"/>
          </lines>
        </class>
        <class name="createObservedMinusExpectedTable.R" filename="R/createObservedMinusExpectedTable.R" line-rate="1" branch-rate="0" complexity="0">
          <methods>
            <method name="createObservedMinusExpectedTable" signature="" line-rate="1" branch-rate="0">
              <lines>
                <line number="63" hits="7" branch="false"/>
                <line number="64" hits="7" branch="false"/>
                <line number="66" hits="2" branch="false"/>
                <line number="67" hits="5" branch="false"/>
                <line number="68" hits="4" branch="false"/>
                <line number="70" hits="1" branch="false"/>
                <line number="71" hits="3" branch="false"/>
                <line number="72" hits="3" branch="false"/>
                <line number="73" hits="3" branch="false"/>
                <line number="74" hits="3" branch="false"/>
                <line number="75" hits="3" branch="false"/>
                <line number="76" hits="3" branch="false"/>
                <line number="77" hits="3" branch="false"/>
                <line number="78" hits="3" branch="false"/>
                <line number="79" hits="3" branch="false"/>
                <line number="80" hits="3" branch="false"/>
                <line number="81" hits="3" branch="false"/>
                <line number="82" hits="3" branch="false"/>
                <line number="83" hits="3" branch="false"/>
                <line number="84" hits="3" branch="false"/>
                <line number="85" hits="3" branch="false"/>
                <line number="87" hits="3" branch="false"/>
                <line number="88" hits="3" branch="false"/>
                <line number="89" hits="3" branch="false"/>
                <line number="90" hits="3" branch="false"/>
                <line number="91" hits="3" branch="false"/>
                <line number="92" hits="3" branch="false"/>
                <line number="94" hits="3" branch="false"/>
                <line number="95" hits="3" branch="false"/>
                <line number="96" hits="3" branch="false"/>
                <line number="97" hits="3" branch="false"/>
                <line number="98" hits="3" branch="false"/>
                <line number="99" hits="3" branch="false"/>
                <line number="100" hits="3" branch="false"/>
                <line number="101" hits="3" branch="false"/>
                <line number="103" hits="3" branch="false"/>
                <line number="104" hits="3" branch="false"/>
                <line number="105" hits="3" branch="false"/>
                <line number="106" hits="3" branch="false"/>
                <line number="107" hits="3" branch="false"/>
                <line number="108" hits="3" branch="false"/>
                <line number="110" hits="3" branch="false"/>
                <line number="113" hits="3" branch="false"/>
                <line number="114" hits="3" branch="false"/>
              </lines>
            </method>
          </methods>
          <lines>
            <line number="63" hits="7" branch="false"/>
            <line number="64" hits="7" branch="false"/>
            <line number="66" hits="2" branch="false"/>
            <line number="67" hits="5" branch="false"/>
            <line number="68" hits="4" branch="false"/>
            <line number="70" hits="1" branch="false"/>
            <line number="71" hits="3" branch="false"/>
            <line number="72" hits="3" branch="false"/>
            <line number="73" hits="3" branch="false"/>
            <line number="74" hits="3" branch="false"/>
            <line number="75" hits="3" branch="false"/>
            <line number="76" hits="3" branch="false"/>
            <line number="77" hits="3" branch="false"/>
            <line number="78" hits="3" branch="false"/>
            <line number="79" hits="3" branch="false"/>
            <line number="80" hits="3" branch="false"/>
            <line number="81" hits="3" branch="false"/>
            <line number="82" hits="3" branch="false"/>
            <line number="83" hits="3" branch="false"/>
            <line number="84" hits="3" branch="false"/>
            <line number="85" hits="3" branch="false"/>
            <line number="87" hits="3" branch="false"/>
            <line number="88" hits="3" branch="false"/>
            <line number="89" hits="3" branch="false"/>
            <line number="90" hits="3" branch="false"/>
            <line number="91" hits="3" branch="false"/>
            <line number="92" hits="3" branch="false"/>
            <line number="94" hits="3" branch="false"/>
            <line number="95" hits="3" branch="false"/>
            <line number="96" hits="3" branch="false"/>
            <line number="97" hits="3" branch="false"/>
            <line number="98" hits="3" branch="false"/>
            <line number="99" hits="3" branch="false"/>
            <line number="100" hits="3" branch="false"/>
            <line number="101" hits="3" branch="false"/>
            <line number="103" hits="3" branch="false"/>
            <line number="104" hits="3" branch="false"/>
            <line number="105" hits="3" branch="false"/>
            <line number="106" hits="3" branch="false"/>
            <line number="107" hits="3" branch="false"/>
            <line number="108" hits="3" branch="false"/>
            <line number="110" hits="3" branch="false"/>
            <line number="113" hits="3" branch="false"/>
            <line number="114" hits="3" branch="false"/>
          </lines>
        </class>
        <class name="createObservedOverExpectedPlot.R" filename="R/createObservedOverExpectedPlot.R" line-rate="0.970588235294118" branch-rate="0" complexity="0">
          <methods>
            <method name="createObservedOverExpectedPlot" signature="" line-rate="0.970588235294118" branch-rate="0">
              <lines>
                <line number="24" hits="3" branch="false"/>
                <line number="25" hits="3" branch="false"/>
                <line number="27" hits="1" branch="false"/>
                <line number="28" hits="2" branch="false"/>
                <line number="29" hits="1" branch="false"/>
                <line number="30" hits="1" branch="false"/>
                <line number="31" hits="1" branch="false"/>
                <line number="32" hits="1" branch="false"/>
                <line number="33" hits="1" branch="false"/>
                <line number="34" hits="1" branch="false"/>
                <line number="35" hits="1" branch="false"/>
                <line number="37" hits="0" branch="false"/>
                <line number="39" hits="1" branch="false"/>
                <line number="41" hits="1" branch="false"/>
                <line number="42" hits="1" branch="false"/>
                <line number="43" hits="1" branch="false"/>
                <line number="44" hits="1" branch="false"/>
                <line number="45" hits="1" branch="false"/>
                <line number="46" hits="1" branch="false"/>
                <line number="47" hits="1" branch="false"/>
                <line number="48" hits="1" branch="false"/>
                <line number="49" hits="1" branch="false"/>
                <line number="50" hits="1" branch="false"/>
                <line number="51" hits="1" branch="false"/>
                <line number="52" hits="1" branch="false"/>
                <line number="53" hits="1" branch="false"/>
                <line number="54" hits="1" branch="false"/>
                <line number="55" hits="1" branch="false"/>
                <line number="56" hits="1" branch="false"/>
                <line number="57" hits="1" branch="false"/>
                <line number="58" hits="1" branch="false"/>
                <line number="59" hits="1" branch="false"/>
                <line number="61" hits="1" branch="false"/>
                <line number="62" hits="1" branch="false"/>
              </lines>
            </method>
          </methods>
          <lines>
            <line number="24" hits="3" branch="false"/>
            <line number="25" hits="3" branch="false"/>
            <line number="27" hits="1" branch="false"/>
            <line number="28" hits="2" branch="false"/>
            <line number="29" hits="1" branch="false"/>
            <line number="30" hits="1" branch="false"/>
            <line number="31" hits="1" branch="false"/>
            <line number="32" hits="1" branch="false"/>
            <line number="33" hits="1" branch="false"/>
            <line number="34" hits="1" branch="false"/>
            <line number="35" hits="1" branch="false"/>
            <line number="37" hits="0" branch="false"/>
            <line number="39" hits="1" branch="false"/>
            <line number="41" hits="1" branch="false"/>
            <line number="42" hits="1" branch="false"/>
            <line number="43" hits="1" branch="false"/>
            <line number="44" hits="1" branch="false"/>
            <line number="45" hits="1" branch="false"/>
            <line number="46" hits="1" branch="false"/>
            <line number="47" hits="1" branch="false"/>
            <line number="48" hits="1" branch="false"/>
            <line number="49" hits="1" branch="false"/>
            <line number="50" hits="1" branch="false"/>
            <line number="51" hits="1" branch="false"/>
            <line number="52" hits="1" branch="false"/>
            <line number="53" hits="1" branch="false"/>
            <line number="54" hits="1" branch="false"/>
            <line number="55" hits="1" branch="false"/>
            <line number="56" hits="1" branch="false"/>
            <line number="57" hits="1" branch="false"/>
            <line number="58" hits="1" branch="false"/>
            <line number="59" hits="1" branch="false"/>
            <line number="61" hits="1" branch="false"/>
            <line number="62" hits="1" branch="false"/>
          </lines>
        </class>
        <class name="createObservedOverExpectedTable.R" filename="R/createObservedOverExpectedTable.R" line-rate="1" branch-rate="0" complexity="0">
          <methods>
            <method name="createObservedOverExpectedTable" signature="" line-rate="1" branch-rate="0">
              <lines>
                <line number="37" hits="6" branch="false"/>
                <line number="38" hits="6" branch="false"/>
                <line number="40" hits="6" branch="false"/>
                <line number="41" hits="1" branch="false"/>
                <line number="42" hits="5" branch="false"/>
                <line number="45" hits="4" branch="false"/>
                <line number="46" hits="4" branch="false"/>
                <line number="48" hits="4" branch="false"/>
                <line number="49" hits="4" branch="false"/>
                <line number="50" hits="4" branch="false"/>
                <line number="51" hits="4" branch="false"/>
                <line number="52" hits="4" branch="false"/>
                <line number="53" hits="4" branch="false"/>
                <line number="54" hits="4" branch="false"/>
                <line number="55" hits="4" branch="false"/>
                <line number="56" hits="4" branch="false"/>
                <line number="57" hits="4" branch="false"/>
                <line number="58" hits="4" branch="false"/>
                <line number="59" hits="4" branch="false"/>
                <line number="60" hits="4" branch="false"/>
                <line number="61" hits="4" branch="false"/>
                <line number="62" hits="4" branch="false"/>
                <line number="63" hits="4" branch="false"/>
                <line number="64" hits="4" branch="false"/>
                <line number="65" hits="4" branch="false"/>
                <line number="67" hits="4" branch="false"/>
                <line number="68" hits="4" branch="false"/>
                <line number="69" hits="4" branch="false"/>
                <line number="71" hits="4" branch="false"/>
                <line number="72" hits="1" branch="false"/>
                <line number="74" hits="4" branch="false"/>
                <line number="75" hits="1" branch="false"/>
                <line number="77" hits="4" branch="false"/>
                <line number="78" hits="4" branch="false"/>
              </lines>
            </method>
          </methods>
          <lines>
            <line number="37" hits="6" branch="false"/>
            <line number="38" hits="6" branch="false"/>
            <line number="40" hits="6" branch="false"/>
            <line number="41" hits="1" branch="false"/>
            <line number="42" hits="5" branch="false"/>
            <line number="45" hits="4" branch="false"/>
            <line number="46" hits="4" branch="false"/>
            <line number="48" hits="4" branch="false"/>
            <line number="49" hits="4" branch="false"/>
            <line number="50" hits="4" branch="false"/>
            <line number="51" hits="4" branch="false"/>
            <line number="52" hits="4" branch="false"/>
            <line number="53" hits="4" branch="false"/>
            <line number="54" hits="4" branch="false"/>
            <line number="55" hits="4" branch="false"/>
            <line number="56" hits="4" branch="false"/>
            <line number="57" hits="4" branch="false"/>
            <line number="58" hits="4" branch="false"/>
            <line number="59" hits="4" branch="false"/>
            <line number="60" hits="4" branch="false"/>
            <line number="61" hits="4" branch="false"/>
            <line number="62" hits="4" branch="false"/>
            <line number="63" hits="4" branch="false"/>
            <line number="64" hits="4" branch="false"/>
            <line number="65" hits="4" branch="false"/>
            <line number="67" hits="4" branch="false"/>
            <line number="68" hits="4" branch="false"/>
            <line number="69" hits="4" branch="false"/>
            <line number="71" hits="4" branch="false"/>
            <line number="72" hits="1" branch="false"/>
            <line number="74" hits="4" branch="false"/>
            <line number="75" hits="1" branch="false"/>
            <line number="77" hits="4" branch="false"/>
            <line number="78" hits="4" branch="false"/>
          </lines>
        </class>
        <class name="createPoissonInit.R" filename="R/createPoissonInit.R" line-rate="0.930232558139535" branch-rate="0" complexity="0">
          <methods>
            <method name=".createPoissonInit" signature="" line-rate="0.930232558139535" branch-rate="0">
              <lines>
                <line number="27" hits="6030" branch="false"/>
                <line number="28" hits="6030" branch="false"/>
                <line number="30" hits="6030" branch="false"/>
                <line number="33" hits="2" branch="false"/>
                <line number="34" hits="2" branch="false"/>
                <line number="35" hits="6025" branch="false"/>
                <line number="36" hits="1" branch="false"/>
                <line number="37" hits="1" branch="false"/>
                <line number="38" hits="1" branch="false"/>
                <line number="40" hits="2" branch="false"/>
                <line number="41" hits="1" branch="false"/>
                <line number="43" hits="6019" branch="false"/>
                <line number="44" hits="1" branch="false"/>
                <line number="45" hits="1" branch="false"/>
                <line number="47" hits="6019" branch="false"/>
                <line number="48" hits="1" branch="false"/>
                <line number="49" hits="1" branch="false"/>
                <line number="51" hits="6019" branch="false"/>
                <line number="52" hits="2" branch="false"/>
                <line number="54" hits="6017" branch="false"/>
                <line number="55" hits="0" branch="false"/>
                <line number="56" hits="0" branch="false"/>
                <line number="57" hits="0" branch="false"/>
                <line number="61" hits="6017" branch="false"/>
                <line number="62" hits="6017" branch="false"/>
                <line number="63" hits="6017" branch="false"/>
                <line number="64" hits="6017" branch="false"/>
                <line number="65" hits="6017" branch="false"/>
                <line number="66" hits="6017" branch="false"/>
                <line number="67" hits="6015" branch="false"/>
                <line number="68" hits="6015" branch="false"/>
                <line number="70" hits="2" branch="false"/>
                <line number="71" hits="2" branch="false"/>
                <line number="72" hits="2" branch="false"/>
                <line number="73" hits="2" branch="false"/>
                <line number="74" hits="2" branch="false"/>
                <line number="75" hits="2" branch="false"/>
                <line number="76" hits="2" branch="false"/>
                <line number="77" hits="2" branch="false"/>
                <line number="78" hits="2" branch="false"/>
                <line number="79" hits="2" branch="false"/>
                <line number="81" hits="6017" branch="false"/>
                <line number="82" hits="6017" branch="false"/>
              </lines>
            </method>
          </methods>
          <lines>
            <line number="27" hits="6030" branch="false"/>
            <line number="28" hits="6030" branch="false"/>
            <line number="30" hits="6030" branch="false"/>
            <line number="33" hits="2" branch="false"/>
            <line number="34" hits="2" branch="false"/>
            <line number="35" hits="6025" branch="false"/>
            <line number="36" hits="1" branch="false"/>
            <line number="37" hits="1" branch="false"/>
            <line number="38" hits="1" branch="false"/>
            <line number="40" hits="2" branch="false"/>
            <line number="41" hits="1" branch="false"/>
            <line number="43" hits="6019" branch="false"/>
            <line number="44" hits="1" branch="false"/>
            <line number="45" hits="1" branch="false"/>
            <line number="47" hits="6019" branch="false"/>
            <line number="48" hits="1" branch="false"/>
            <line number="49" hits="1" branch="false"/>
            <line number="51" hits="6019" branch="false"/>
            <line number="52" hits="2" branch="false"/>
            <line number="54" hits="6017" branch="false"/>
            <line number="55" hits="0" branch="false"/>
            <line number="56" hits="0" branch="false"/>
            <line number="57" hits="0" branch="false"/>
            <line number="61" hits="6017" branch="false"/>
            <line number="62" hits="6017" branch="false"/>
            <line number="63" hits="6017" branch="false"/>
            <line number="64" hits="6017" branch="false"/>
            <line number="65" hits="6017" branch="false"/>
            <line number="66" hits="6017" branch="false"/>
            <line number="67" hits="6015" branch="false"/>
            <line number="68" hits="6015" branch="false"/>
            <line number="70" hits="2" branch="false"/>
            <line number="71" hits="2" branch="false"/>
            <line number="72" hits="2" branch="false"/>
            <line number="73" hits="2" branch="false"/>
            <line number="74" hits="2" branch="false"/>
            <line number="75" hits="2" branch="false"/>
            <line number="76" hits="2" branch="false"/>
            <line number="77" hits="2" branch="false"/>
            <line number="78" hits="2" branch="false"/>
            <line number="79" hits="2" branch="false"/>
            <line number="81" hits="6017" branch="false"/>
            <line number="82" hits="6017" branch="false"/>
          </lines>
        </class>
        <class name="createQtlBubblePlot.R" filename="R/createQtlBubblePlot.R" line-rate="0.867647058823529" branch-rate="0" complexity="0">
          <methods>
            <method name="createQtlBubblePlot" signature="" line-rate="0.867647058823529" branch-rate="0">
              <lines>
                <line number="48" hits="12" branch="false"/>
                <line number="49" hits="12" branch="false"/>
                <line number="51" hits="1" branch="false"/>
                <line number="52" hits="11" branch="false"/>
                <line number="53" hits="10" branch="false"/>
                <line number="54" hits="9" branch="false"/>
                <line number="55" hits="8" branch="false"/>
                <line number="56" hits="8" branch="false"/>
                <line number="58" hits="1" branch="false"/>
                <line number="59" hits="6" branch="false"/>
                <line number="60" hits="1" branch="false"/>
                <line number="62" hits="5" branch="false"/>
                <line number="63" hits="5" branch="false"/>
                <line number="64" hits="2" branch="false"/>
                <line number="65" hits="2" branch="false"/>
                <line number="66" hits="4" branch="false"/>
                <line number="67" hits="1" branch="false"/>
                <line number="68" hits="3" branch="false"/>
                <line number="69" hits="18" branch="false"/>
                <line number="70" hits="6" branch="false"/>
                <line number="71" hits="6" branch="false"/>
                <line number="77" hits="2" branch="false"/>
                <line number="78" hits="0" branch="false"/>
                <line number="79" hits="0" branch="false"/>
                <line number="80" hits="0" branch="false"/>
                <line number="81" hits="0" branch="false"/>
                <line number="82" hits="0" branch="false"/>
                <line number="83" hits="0" branch="false"/>
                <line number="84" hits="0" branch="false"/>
                <line number="86" hits="2" branch="false"/>
                <line number="87" hits="0" branch="false"/>
                <line number="89" hits="2" branch="false"/>
                <line number="90" hits="2" branch="false"/>
                <line number="92" hits="2" branch="false"/>
                <line number="93" hits="2" branch="false"/>
                <line number="94" hits="2" branch="false"/>
                <line number="95" hits="2" branch="false"/>
                <line number="96" hits="2" branch="false"/>
                <line number="97" hits="2" branch="false"/>
                <line number="98" hits="2" branch="false"/>
                <line number="99" hits="2" branch="false"/>
                <line number="100" hits="2" branch="false"/>
                <line number="101" hits="2" branch="false"/>
                <line number="102" hits="2" branch="false"/>
                <line number="103" hits="2" branch="false"/>
                <line number="104" hits="2" branch="false"/>
                <line number="105" hits="2" branch="false"/>
                <line number="106" hits="2" branch="false"/>
                <line number="108" hits="2" branch="false"/>
                <line number="109" hits="2" branch="false"/>
                <line number="110" hits="2" branch="false"/>
                <line number="111" hits="2" branch="false"/>
                <line number="112" hits="2" branch="false"/>
                <line number="113" hits="2" branch="false"/>
                <line number="114" hits="2" branch="false"/>
                <line number="115" hits="2" branch="false"/>
                <line number="116" hits="2" branch="false"/>
                <line number="117" hits="2" branch="false"/>
                <line number="118" hits="2" branch="false"/>
                <line number="119" hits="2" branch="false"/>
                <line number="120" hits="2" branch="false"/>
                <line number="121" hits="2" branch="false"/>
                <line number="122" hits="2" branch="false"/>
                <line number="123" hits="2" branch="false"/>
                <line number="125" hits="2" branch="false"/>
                <line number="126" hits="0" branch="false"/>
                <line number="128" hits="2" branch="false"/>
                <line number="129" hits="2" branch="false"/>
              </lines>
            </method>
          </methods>
          <lines>
            <line number="48" hits="12" branch="false"/>
            <line number="49" hits="12" branch="false"/>
            <line number="51" hits="1" branch="false"/>
            <line number="52" hits="11" branch="false"/>
            <line number="53" hits="10" branch="false"/>
            <line number="54" hits="9" branch="false"/>
            <line number="55" hits="8" branch="false"/>
            <line number="56" hits="8" branch="false"/>
            <line number="58" hits="1" branch="false"/>
            <line number="59" hits="6" branch="false"/>
            <line number="60" hits="1" branch="false"/>
            <line number="62" hits="5" branch="false"/>
            <line number="63" hits="5" branch="false"/>
            <line number="64" hits="2" branch="false"/>
            <line number="65" hits="2" branch="false"/>
            <line number="66" hits="4" branch="false"/>
            <line number="67" hits="1" branch="false"/>
            <line number="68" hits="3" branch="false"/>
            <line number="69" hits="18" branch="false"/>
            <line number="70" hits="6" branch="false"/>
            <line number="71" hits="6" branch="false"/>
            <line number="77" hits="2" branch="false"/>
            <line number="78" hits="0" branch="false"/>
            <line number="79" hits="0" branch="false"/>
            <line number="80" hits="0" branch="false"/>
            <line number="81" hits="0" branch="false"/>
            <line number="82" hits="0" branch="false"/>
            <line number="83" hits="0" branch="false"/>
            <line number="84" hits="0" branch="false"/>
            <line number="86" hits="2" branch="false"/>
            <line number="87" hits="0" branch="false"/>
            <line number="89" hits="2" branch="false"/>
            <line number="90" hits="2" branch="false"/>
            <line number="92" hits="2" branch="false"/>
            <line number="93" hits="2" branch="false"/>
            <line number="94" hits="2" branch="false"/>
            <line number="95" hits="2" branch="false"/>
            <line number="96" hits="2" branch="false"/>
            <line number="97" hits="2" branch="false"/>
            <line number="98" hits="2" branch="false"/>
            <line number="99" hits="2" branch="false"/>
            <line number="100" hits="2" branch="false"/>
            <line number="101" hits="2" branch="false"/>
            <line number="102" hits="2" branch="false"/>
            <line number="103" hits="2" branch="false"/>
            <line number="104" hits="2" branch="false"/>
            <line number="105" hits="2" branch="false"/>
            <line number="106" hits="2" branch="false"/>
            <line number="108" hits="2" branch="false"/>
            <line number="109" hits="2" branch="false"/>
            <line number="110" hits="2" branch="false"/>
            <line number="111" hits="2" branch="false"/>
            <line number="112" hits="2" branch="false"/>
            <line number="113" hits="2" branch="false"/>
            <line number="114" hits="2" branch="false"/>
            <line number="115" hits="2" branch="false"/>
            <line number="116" hits="2" branch="false"/>
            <line number="117" hits="2" branch="false"/>
            <line number="118" hits="2" branch="false"/>
            <line number="119" hits="2" branch="false"/>
            <line number="120" hits="2" branch="false"/>
            <line number="121" hits="2" branch="false"/>
            <line number="122" hits="2" branch="false"/>
            <line number="123" hits="2" branch="false"/>
            <line number="125" hits="2" branch="false"/>
            <line number="126" hits="0" branch="false"/>
            <line number="128" hits="2" branch="false"/>
            <line number="129" hits="2" branch="false"/>
          </lines>
        </class>
        <class name="createQtlPlot.R" filename="R/createQtlPlot.R" line-rate="0.8125" branch-rate="0" complexity="0">
          <methods>
            <method name="createQtlPlot" signature="" line-rate="0.8125" branch-rate="0">
              <lines>
                <line number="34" hits="1" branch="false"/>
                <line number="35" hits="5" branch="false"/>
                <line number="36" hits="1" branch="false"/>
                <line number="37" hits="1" branch="false"/>
                <line number="38" hits="1" branch="false"/>
                <line number="39" hits="1" branch="false"/>
                <line number="40" hits="1" branch="false"/>
                <line number="41" hits="1" branch="false"/>
                <line number="42" hits="1" branch="false"/>
                <line number="44" hits="3" branch="false"/>
                <line number="45" hits="0" branch="false"/>
                <line number="46" hits="1" branch="false"/>
                <line number="47" hits="0" branch="false"/>
                <line number="48" hits="0" branch="false"/>
                <line number="49" hits="0" branch="false"/>
                <line number="50" hits="0" branch="false"/>
                <line number="51" hits="0" branch="false"/>
                <line number="52" hits="0" branch="false"/>
                <line number="53" hits="0" branch="false"/>
                <line number="55" hits="1" branch="false"/>
                <line number="56" hits="0" branch="false"/>
                <line number="57" hits="0" branch="false"/>
                <line number="58" hits="0" branch="false"/>
                <line number="59" hits="0" branch="false"/>
                <line number="60" hits="0" branch="false"/>
                <line number="61" hits="0" branch="false"/>
                <line number="62" hits="0" branch="false"/>
                <line number="66" hits="1" branch="false"/>
                <line number="67" hits="1" branch="false"/>
                <line number="68" hits="1" branch="false"/>
                <line number="69" hits="1" branch="false"/>
                <line number="70" hits="1" branch="false"/>
                <line number="71" hits="1" branch="false"/>
                <line number="72" hits="1" branch="false"/>
                <line number="73" hits="1" branch="false"/>
                <line number="74" hits="1" branch="false"/>
                <line number="75" hits="1" branch="false"/>
                <line number="76" hits="1" branch="false"/>
                <line number="77" hits="1" branch="false"/>
                <line number="78" hits="1" branch="false"/>
                <line number="79" hits="1" branch="false"/>
                <line number="80" hits="1" branch="false"/>
                <line number="81" hits="1" branch="false"/>
                <line number="83" hits="1" branch="false"/>
                <line number="84" hits="1" branch="false"/>
                <line number="85" hits="1" branch="false"/>
                <line number="86" hits="1" branch="false"/>
                <line number="87" hits="1" branch="false"/>
                <line number="88" hits="1" branch="false"/>
                <line number="90" hits="1" branch="false"/>
                <line number="91" hits="1" branch="false"/>
                <line number="92" hits="1" branch="false"/>
                <line number="93" hits="1" branch="false"/>
                <line number="94" hits="1" branch="false"/>
                <line number="95" hits="1" branch="false"/>
                <line number="96" hits="1" branch="false"/>
                <line number="97" hits="1" branch="false"/>
                <line number="98" hits="1" branch="false"/>
                <line number="99" hits="1" branch="false"/>
                <line number="100" hits="1" branch="false"/>
                <line number="101" hits="1" branch="false"/>
                <line number="102" hits="1" branch="false"/>
                <line number="103" hits="1" branch="false"/>
                <line number="105" hits="1" branch="false"/>
                <line number="106" hits="1" branch="false"/>
                <line number="107" hits="1" branch="false"/>
                <line number="108" hits="1" branch="false"/>
                <line number="109" hits="1" branch="false"/>
                <line number="110" hits="1" branch="false"/>
                <line number="111" hits="1" branch="false"/>
                <line number="112" hits="1" branch="false"/>
                <line number="113" hits="1" branch="false"/>
                <line number="114" hits="1" branch="false"/>
                <line number="115" hits="1" branch="false"/>
                <line number="116" hits="1" branch="false"/>
                <line number="117" hits="1" branch="false"/>
                <line number="118" hits="1" branch="false"/>
                <line number="119" hits="1" branch="false"/>
                <line number="120" hits="1" branch="false"/>
                <line number="122" hits="1" branch="false"/>
              </lines>
            </method>
          </methods>
          <lines>
            <line number="34" hits="1" branch="false"/>
            <line number="35" hits="5" branch="false"/>
            <line number="36" hits="1" branch="false"/>
            <line number="37" hits="1" branch="false"/>
            <line number="38" hits="1" branch="false"/>
            <line number="39" hits="1" branch="false"/>
            <line number="40" hits="1" branch="false"/>
            <line number="41" hits="1" branch="false"/>
            <line number="42" hits="1" branch="false"/>
            <line number="44" hits="3" branch="false"/>
            <line number="45" hits="0" branch="false"/>
            <line number="46" hits="1" branch="false"/>
            <line number="47" hits="0" branch="false"/>
            <line number="48" hits="0" branch="false"/>
            <line number="49" hits="0" branch="false"/>
            <line number="50" hits="0" branch="false"/>
            <line number="51" hits="0" branch="false"/>
            <line number="52" hits="0" branch="false"/>
            <line number="53" hits="0" branch="false"/>
            <line number="55" hits="1" branch="false"/>
            <line number="56" hits="0" branch="false"/>
            <line number="57" hits="0" branch="false"/>
            <line number="58" hits="0" branch="false"/>
            <line number="59" hits="0" branch="false"/>
            <line number="60" hits="0" branch="false"/>
            <line number="61" hits="0" branch="false"/>
            <line number="62" hits="0" branch="false"/>
            <line number="66" hits="1" branch="false"/>
            <line number="67" hits="1" branch="false"/>
            <line number="68" hits="1" branch="false"/>
            <line number="69" hits="1" branch="false"/>
            <line number="70" hits="1" branch="false"/>
            <line number="71" hits="1" branch="false"/>
            <line number="72" hits="1" branch="false"/>
            <line number="73" hits="1" branch="false"/>
            <line number="74" hits="1" branch="false"/>
            <line number="75" hits="1" branch="false"/>
            <line number="76" hits="1" branch="false"/>
            <line number="77" hits="1" branch="false"/>
            <line number="78" hits="1" branch="false"/>
            <line number="79" hits="1" branch="false"/>
            <line number="80" hits="1" branch="false"/>
            <line number="81" hits="1" branch="false"/>
            <line number="83" hits="1" branch="false"/>
            <line number="84" hits="1" branch="false"/>
            <line number="85" hits="1" branch="false"/>
            <line number="86" hits="1" branch="false"/>
            <line number="87" hits="1" branch="false"/>
            <line number="88" hits="1" branch="false"/>
            <line number="90" hits="1" branch="false"/>
            <line number="91" hits="1" branch="false"/>
            <line number="92" hits="1" branch="false"/>
            <line number="93" hits="1" branch="false"/>
            <line number="94" hits="1" branch="false"/>
            <line number="95" hits="1" branch="false"/>
            <line number="96" hits="1" branch="false"/>
            <line number="97" hits="1" branch="false"/>
            <line number="98" hits="1" branch="false"/>
            <line number="99" hits="1" branch="false"/>
            <line number="100" hits="1" branch="false"/>
            <line number="101" hits="1" branch="false"/>
            <line number="102" hits="1" branch="false"/>
            <line number="103" hits="1" branch="false"/>
            <line number="105" hits="1" branch="false"/>
            <line number="106" hits="1" branch="false"/>
            <line number="107" hits="1" branch="false"/>
            <line number="108" hits="1" branch="false"/>
            <line number="109" hits="1" branch="false"/>
            <line number="110" hits="1" branch="false"/>
            <line number="111" hits="1" branch="false"/>
            <line number="112" hits="1" branch="false"/>
            <line number="113" hits="1" branch="false"/>
            <line number="114" hits="1" branch="false"/>
            <line number="115" hits="1" branch="false"/>
            <line number="116" hits="1" branch="false"/>
            <line number="117" hits="1" branch="false"/>
            <line number="118" hits="1" branch="false"/>
            <line number="119" hits="1" branch="false"/>
            <line number="120" hits="1" branch="false"/>
            <line number="122" hits="1" branch="false"/>
          </lines>
        </class>
        <class name="fitBayesBinomialModel.R" filename="R/fitBayesBinomialModel.R" line-rate="1" branch-rate="0" complexity="0">
          <methods>
            <method name="fitBayesBinomialModel" signature="" line-rate="1" branch-rate="0">
              <lines>
                <line number="79" hits="14" branch="false"/>
                <line number="80" hits="14" branch="false"/>
                <line number="82" hits="14" branch="false"/>
                <line number="83" hits="11" branch="false"/>
                <line number="84" hits="11" branch="false"/>
                <line number="85" hits="11" branch="false"/>
                <line number="86" hits="1" branch="false"/>
                <line number="88" hits="10" branch="false"/>
                <line number="89" hits="1" branch="false"/>
                <line number="91" hits="9" branch="false"/>
                <line number="92" hits="1" branch="false"/>
                <line number="94" hits="8" branch="false"/>
                <line number="95" hits="1" branch="false"/>
                <line number="97" hits="7" branch="false"/>
                <line number="98" hits="1" branch="false"/>
                <line number="100" hits="6" branch="false"/>
                <line number="101" hits="1" branch="false"/>
                <line number="103" hits="5" branch="false"/>
                <line number="104" hits="1" branch="false"/>
                <line number="105" hits="1" branch="false"/>
                <line number="106" hits="1" branch="false"/>
                <line number="107" hits="1" branch="false"/>
                <line number="108" hits="1" branch="false"/>
                <line number="109" hits="1" branch="false"/>
                <line number="110" hits="1" branch="false"/>
                <line number="111" hits="1" branch="false"/>
                <line number="113" hits="4" branch="false"/>
                <line number="114" hits="1" branch="false"/>
                <line number="115" hits="1" branch="false"/>
                <line number="116" hits="1" branch="false"/>
                <line number="123" hits="6" branch="false"/>
                <line number="124" hits="6" branch="false"/>
                <line number="125" hits="3" branch="false"/>
                <line number="126" hits="3" branch="false"/>
                <line number="127" hits="3" branch="false"/>
                <line number="129" hits="3" branch="false"/>
                <line number="133" hits="6" branch="false"/>
                <line number="134" hits="5" branch="false"/>
                <line number="135" hits="5" branch="false"/>
                <line number="136" hits="5" branch="false"/>
                <line number="137" hits="5" branch="false"/>
                <line number="140" hits="5" branch="false"/>
                <line number="141" hits="5" branch="false"/>
                <line number="142" hits="5" branch="false"/>
                <line number="145" hits="6" branch="false"/>
                <line number="146" hits="4" branch="false"/>
                <line number="147" hits="4" branch="false"/>
                <line number="149" hits="6" branch="false"/>
                <line number="150" hits="3" branch="false"/>
                <line number="152" hits="3" branch="false"/>
                <line number="155" hits="6" branch="false"/>
                <line number="156" hits="6" branch="false"/>
                <line number="157" hits="6" branch="false"/>
                <line number="158" hits="6" branch="false"/>
                <line number="159" hits="6" branch="false"/>
                <line number="160" hits="6" branch="false"/>
                <line number="161" hits="6" branch="false"/>
                <line number="162" hits="6" branch="false"/>
                <line number="163" hits="6" branch="false"/>
              </lines>
            </method>
          </methods>
          <lines>
            <line number="79" hits="14" branch="false"/>
            <line number="80" hits="14" branch="false"/>
            <line number="82" hits="14" branch="false"/>
            <line number="83" hits="11" branch="false"/>
            <line number="84" hits="11" branch="false"/>
            <line number="85" hits="11" branch="false"/>
            <line number="86" hits="1" branch="false"/>
            <line number="88" hits="10" branch="false"/>
            <line number="89" hits="1" branch="false"/>
            <line number="91" hits="9" branch="false"/>
            <line number="92" hits="1" branch="false"/>
            <line number="94" hits="8" branch="false"/>
            <line number="95" hits="1" branch="false"/>
            <line number="97" hits="7" branch="false"/>
            <line number="98" hits="1" branch="false"/>
            <line number="100" hits="6" branch="false"/>
            <line number="101" hits="1" branch="false"/>
            <line number="103" hits="5" branch="false"/>
            <line number="104" hits="1" branch="false"/>
            <line number="105" hits="1" branch="false"/>
            <line number="106" hits="1" branch="false"/>
            <line number="107" hits="1" branch="false"/>
            <line number="108" hits="1" branch="false"/>
            <line number="109" hits="1" branch="false"/>
            <line number="110" hits="1" branch="false"/>
            <line number="111" hits="1" branch="false"/>
            <line number="113" hits="4" branch="false"/>
            <line number="114" hits="1" branch="false"/>
            <line number="115" hits="1" branch="false"/>
            <line number="116" hits="1" branch="false"/>
            <line number="123" hits="6" branch="false"/>
            <line number="124" hits="6" branch="false"/>
            <line number="125" hits="3" branch="false"/>
            <line number="126" hits="3" branch="false"/>
            <line number="127" hits="3" branch="false"/>
            <line number="129" hits="3" branch="false"/>
            <line number="133" hits="6" branch="false"/>
            <line number="134" hits="5" branch="false"/>
            <line number="135" hits="5" branch="false"/>
            <line number="136" hits="5" branch="false"/>
            <line number="137" hits="5" branch="false"/>
            <line number="140" hits="5" branch="false"/>
            <line number="141" hits="5" branch="false"/>
            <line number="142" hits="5" branch="false"/>
            <line number="145" hits="6" branch="false"/>
            <line number="146" hits="4" branch="false"/>
            <line number="147" hits="4" branch="false"/>
            <line number="149" hits="6" branch="false"/>
            <line number="150" hits="3" branch="false"/>
            <line number="152" hits="3" branch="false"/>
            <line number="155" hits="6" branch="false"/>
            <line number="156" hits="6" branch="false"/>
            <line number="157" hits="6" branch="false"/>
            <line number="158" hits="6" branch="false"/>
            <line number="159" hits="6" branch="false"/>
            <line number="160" hits="6" branch="false"/>
            <line number="161" hits="6" branch="false"/>
            <line number="162" hits="6" branch="false"/>
            <line number="163" hits="6" branch="false"/>
          </lines>
        </class>
        <class name="fitBayesPoissonModel.R" filename="R/fitBayesPoissonModel.R" line-rate="0.974358974358974" branch-rate="0" complexity="0">
          <methods>
            <method name="fitBayesPoissonModel" signature="" line-rate="0.974358974358974" branch-rate="0">
              <lines>
                <line number="81" hits="7" branch="false"/>
                <line number="82" hits="7" branch="false"/>
                <line number="84" hits="7" branch="false"/>
                <line number="85" hits="4" branch="false"/>
                <line number="86" hits="1" branch="false"/>
                <line number="88" hits="3" branch="false"/>
                <line number="89" hits="1" branch="false"/>
                <line number="91" hits="2" branch="false"/>
                <line number="92" hits="0" branch="false"/>
                <line number="94" hits="2" branch="false"/>
                <line number="95" hits="1" branch="false"/>
                <line number="100" hits="4" branch="false"/>
                <line number="101" hits="4" branch="false"/>
                <line number="102" hits="1" branch="false"/>
                <line number="103" hits="1" branch="false"/>
                <line number="105" hits="4" branch="false"/>
                <line number="107" hits="4" branch="false"/>
                <line number="108" hits="4" branch="false"/>
                <line number="109" hits="4" branch="false"/>
                <line number="110" hits="4" branch="false"/>
                <line number="111" hits="4" branch="false"/>
                <line number="114" hits="4" branch="false"/>
                <line number="115" hits="4" branch="false"/>
                <line number="116" hits="4" branch="false"/>
                <line number="120" hits="4" branch="false"/>
                <line number="121" hits="2" branch="false"/>
                <line number="122" hits="2" branch="false"/>
                <line number="127" hits="4" branch="false"/>
                <line number="130" hits="4" branch="false"/>
                <line number="131" hits="3" branch="false"/>
                <line number="133" hits="1" branch="false"/>
                <line number="135" hits="4" branch="false"/>
                <line number="136" hits="4" branch="false"/>
                <line number="137" hits="4" branch="false"/>
                <line number="138" hits="4" branch="false"/>
                <line number="139" hits="4" branch="false"/>
                <line number="140" hits="4" branch="false"/>
                <line number="141" hits="4" branch="false"/>
                <line number="142" hits="4" branch="false"/>
              </lines>
            </method>
          </methods>
          <lines>
            <line number="81" hits="7" branch="false"/>
            <line number="82" hits="7" branch="false"/>
            <line number="84" hits="7" branch="false"/>
            <line number="85" hits="4" branch="false"/>
            <line number="86" hits="1" branch="false"/>
            <line number="88" hits="3" branch="false"/>
            <line number="89" hits="1" branch="false"/>
            <line number="91" hits="2" branch="false"/>
            <line number="92" hits="0" branch="false"/>
            <line number="94" hits="2" branch="false"/>
            <line number="95" hits="1" branch="false"/>
            <line number="100" hits="4" branch="false"/>
            <line number="101" hits="4" branch="false"/>
            <line number="102" hits="1" branch="false"/>
            <line number="103" hits="1" branch="false"/>
            <line number="105" hits="4" branch="false"/>
            <line number="107" hits="4" branch="false"/>
            <line number="108" hits="4" branch="false"/>
            <line number="109" hits="4" branch="false"/>
            <line number="110" hits="4" branch="false"/>
            <line number="111" hits="4" branch="false"/>
            <line number="114" hits="4" branch="false"/>
            <line number="115" hits="4" branch="false"/>
            <line number="116" hits="4" branch="false"/>
            <line number="120" hits="4" branch="false"/>
            <line number="121" hits="2" branch="false"/>
            <line number="122" hits="2" branch="false"/>
            <line number="127" hits="4" branch="false"/>
            <line number="130" hits="4" branch="false"/>
            <line number="131" hits="3" branch="false"/>
            <line number="133" hits="1" branch="false"/>
            <line number="135" hits="4" branch="false"/>
            <line number="136" hits="4" branch="false"/>
            <line number="137" hits="4" branch="false"/>
            <line number="138" hits="4" branch="false"/>
            <line number="139" hits="4" branch="false"/>
            <line number="140" hits="4" branch="false"/>
            <line number="141" hits="4" branch="false"/>
            <line number="142" hits="4" branch="false"/>
          </lines>
        </class>
        <class name="getModelString.R" filename="R/getModelString.R" line-rate="0.98780487804878" branch-rate="0" complexity="0">
          <methods>
            <method name="getModelString" signature="" line-rate="0.98780487804878" branch-rate="0">
              <lines>
                <line number="57" hits="19" branch="false"/>
                <line number="58" hits="19" branch="false"/>
                <line number="59" hits="18" branch="false"/>
                <line number="60" hits="18" branch="false"/>
                <line number="61" hits="18" branch="false"/>
                <line number="62" hits="18" branch="false"/>
                <line number="63" hits="18" branch="false"/>
                <line number="64" hits="18" branch="false"/>
                <line number="65" hits="18" branch="false"/>
                <line number="66" hits="18" branch="false"/>
                <line number="67" hits="18" branch="false"/>
                <line number="68" hits="18" branch="false"/>
                <line number="69" hits="18" branch="false"/>
                <line number="70" hits="18" branch="false"/>
                <line number="71" hits="18" branch="false"/>
                <line number="72" hits="18" branch="false"/>
                <line number="73" hits="18" branch="false"/>
                <line number="74" hits="18" branch="false"/>
                <line number="75" hits="18" branch="false"/>
                <line number="76" hits="18" branch="false"/>
                <line number="77" hits="18" branch="false"/>
                <line number="78" hits="18" branch="false"/>
                <line number="79" hits="18" branch="false"/>
                <line number="80" hits="18" branch="false"/>
                <line number="81" hits="18" branch="false"/>
                <line number="82" hits="18" branch="false"/>
                <line number="83" hits="18" branch="false"/>
                <line number="84" hits="18" branch="false"/>
                <line number="85" hits="18" branch="false"/>
                <line number="86" hits="18" branch="false"/>
                <line number="87" hits="18" branch="false"/>
                <line number="88" hits="18" branch="false"/>
                <line number="89" hits="18" branch="false"/>
                <line number="90" hits="18" branch="false"/>
                <line number="91" hits="18" branch="false"/>
                <line number="92" hits="18" branch="false"/>
                <line number="93" hits="18" branch="false"/>
                <line number="94" hits="18" branch="false"/>
                <line number="95" hits="18" branch="false"/>
                <line number="96" hits="18" branch="false"/>
                <line number="97" hits="18" branch="false"/>
                <line number="98" hits="18" branch="false"/>
                <line number="100" hits="18" branch="false"/>
                <line number="101" hits="18" branch="false"/>
                <line number="102" hits="18" branch="false"/>
                <line number="103" hits="18" branch="false"/>
                <line number="104" hits="18" branch="false"/>
                <line number="106" hits="18" branch="false"/>
                <line number="107" hits="18" branch="false"/>
                <line number="108" hits="18" branch="false"/>
                <line number="109" hits="18" branch="false"/>
                <line number="110" hits="18" branch="false"/>
                <line number="112" hits="18" branch="false"/>
                <line number="113" hits="18" branch="false"/>
                <line number="114" hits="18" branch="false"/>
                <line number="115" hits="18" branch="false"/>
                <line number="116" hits="18" branch="false"/>
                <line number="118" hits="18" branch="false"/>
                <line number="119" hits="18" branch="false"/>
                <line number="120" hits="18" branch="false"/>
                <line number="121" hits="18" branch="false"/>
                <line number="123" hits="18" branch="false"/>
                <line number="124" hits="18" branch="false"/>
                <line number="125" hits="18" branch="false"/>
                <line number="126" hits="18" branch="false"/>
                <line number="127" hits="18" branch="false"/>
                <line number="129" hits="18" branch="false"/>
                <line number="130" hits="18" branch="false"/>
                <line number="131" hits="0" branch="false"/>
                <line number="133" hits="18" branch="false"/>
                <line number="134" hits="17" branch="false"/>
                <line number="135" hits="1" branch="false"/>
                <line number="136" hits="1" branch="false"/>
                <line number="137" hits="1" branch="false"/>
                <line number="139" hits="17" branch="false"/>
                <line number="141" hits="18" branch="false"/>
                <line number="142" hits="17" branch="false"/>
                <line number="144" hits="18" branch="false"/>
                <line number="145" hits="7" branch="false"/>
                <line number="148" hits="11" branch="false"/>
                <line number="150" hits="18" branch="false"/>
                <line number="151" hits="18" branch="false"/>
              </lines>
            </method>
          </methods>
          <lines>
            <line number="57" hits="19" branch="false"/>
            <line number="58" hits="19" branch="false"/>
            <line number="59" hits="18" branch="false"/>
            <line number="60" hits="18" branch="false"/>
            <line number="61" hits="18" branch="false"/>
            <line number="62" hits="18" branch="false"/>
            <line number="63" hits="18" branch="false"/>
            <line number="64" hits="18" branch="false"/>
            <line number="65" hits="18" branch="false"/>
            <line number="66" hits="18" branch="false"/>
            <line number="67" hits="18" branch="false"/>
            <line number="68" hits="18" branch="false"/>
            <line number="69" hits="18" branch="false"/>
            <line number="70" hits="18" branch="false"/>
            <line number="71" hits="18" branch="false"/>
            <line number="72" hits="18" branch="false"/>
            <line number="73" hits="18" branch="false"/>
            <line number="74" hits="18" branch="false"/>
            <line number="75" hits="18" branch="false"/>
            <line number="76" hits="18" branch="false"/>
            <line number="77" hits="18" branch="false"/>
            <line number="78" hits="18" branch="false"/>
            <line number="79" hits="18" branch="false"/>
            <line number="80" hits="18" branch="false"/>
            <line number="81" hits="18" branch="false"/>
            <line number="82" hits="18" branch="false"/>
            <line number="83" hits="18" branch="false"/>
            <line number="84" hits="18" branch="false"/>
            <line number="85" hits="18" branch="false"/>
            <line number="86" hits="18" branch="false"/>
            <line number="87" hits="18" branch="false"/>
            <line number="88" hits="18" branch="false"/>
            <line number="89" hits="18" branch="false"/>
            <line number="90" hits="18" branch="false"/>
            <line number="91" hits="18" branch="false"/>
            <line number="92" hits="18" branch="false"/>
            <line number="93" hits="18" branch="false"/>
            <line number="94" hits="18" branch="false"/>
            <line number="95" hits="18" branch="false"/>
            <line number="96" hits="18" branch="false"/>
            <line number="97" hits="18" branch="false"/>
            <line number="98" hits="18" branch="false"/>
            <line number="100" hits="18" branch="false"/>
            <line number="101" hits="18" branch="false"/>
            <line number="102" hits="18" branch="false"/>
            <line number="103" hits="18" branch="false"/>
            <line number="104" hits="18" branch="false"/>
            <line number="106" hits="18" branch="false"/>
            <line number="107" hits="18" branch="false"/>
            <line number="108" hits="18" branch="false"/>
            <line number="109" hits="18" branch="false"/>
            <line number="110" hits="18" branch="false"/>
            <line number="112" hits="18" branch="false"/>
            <line number="113" hits="18" branch="false"/>
[...]
                <line number="244" hits="1" branch="false"/>
                <line number="245" hits="1" branch="false"/>
                <line number="246" hits="1" branch="false"/>
                <line number="247" hits="1" branch="false"/>
                <line number="248" hits="1" branch="false"/>
                <line number="249" hits="1" branch="false"/>
                <line number="250" hits="1" branch="false"/>
                <line number="251" hits="1" branch="false"/>
                <line number="252" hits="1" branch="false"/>
                <line number="253" hits="1" branch="false"/>
                <line number="254" hits="1" branch="false"/>
                <line number="255" hits="1" branch="false"/>
                <line number="256" hits="1" branch="false"/>
                <line number="257" hits="1" branch="false"/>
                <line number="258" hits="0" branch="false"/>
                <line number="259" hits="0" branch="false"/>
                <line number="260" hits="0" branch="false"/>
                <line number="261" hits="0" branch="false"/>
                <line number="262" hits="0" branch="false"/>
                <line number="263" hits="0" branch="false"/>
                <line number="264" hits="0" branch="false"/>
                <line number="265" hits="0" branch="false"/>
                <line number="266" hits="1" branch="false"/>
                <line number="267" hits="1" branch="false"/>
                <line number="268" hits="1" branch="false"/>
                <line number="269" hits="1" branch="false"/>
              </lines>
            </method>
            <method name="evaluateSiteMetricQTL" signature="" line-rate="0.777777777777778" branch-rate="0">
              <lines>
                <line number="325" hits="11" branch="false"/>
                <line number="326" hits="11" branch="false"/>
                <line number="328" hits="2" branch="false"/>
                <line number="329" hits="2" branch="false"/>
                <line number="330" hits="7" branch="false"/>
                <line number="331" hits="4" branch="false"/>
                <line number="332" hits="4" branch="false"/>
                <line number="333" hits="4" branch="false"/>
                <line number="334" hits="1" branch="false"/>
                <line number="336" hits="2" branch="false"/>
                <line number="337" hits="1" branch="false"/>
                <line number="338" hits="0" branch="false"/>
                <line number="339" hits="0" branch="false"/>
                <line number="341" hits="1" branch="false"/>
                <line number="342" hits="0" branch="false"/>
                <line number="343" hits="0" branch="false"/>
                <line number="346" hits="1" branch="false"/>
                <line number="347" hits="1" branch="false"/>
                <line number="349" hits="1" branch="false"/>
                <line number="350" hits="1" branch="false"/>
                <line number="351" hits="1" branch="false"/>
                <line number="352" hits="1" branch="false"/>
                <line number="353" hits="1" branch="false"/>
                <line number="354" hits="1" branch="false"/>
                <line number="355" hits="1" branch="false"/>
                <line number="356" hits="1" branch="false"/>
                <line number="357" hits="0" branch="false"/>
                <line number="358" hits="1" branch="false"/>
                <line number="359" hits="1" branch="false"/>
                <line number="360" hits="1" branch="false"/>
                <line number="361" hits="1" branch="false"/>
                <line number="362" hits="1" branch="false"/>
                <line number="363" hits="1" branch="false"/>
                <line number="364" hits="1" branch="false"/>
                <line number="365" hits="0" branch="false"/>
                <line number="366" hits="1" branch="false"/>
                <line number="367" hits="1" branch="false"/>
                <line number="368" hits="1" branch="false"/>
                <line number="369" hits="1" branch="false"/>
                <line number="370" hits="1" branch="false"/>
                <line number="371" hits="1" branch="false"/>
                <line number="372" hits="1" branch="false"/>
                <line number="373" hits="1" branch="false"/>
                <line number="374" hits="1" branch="false"/>
                <line number="375" hits="1" branch="false"/>
                <line number="376" hits="1" branch="false"/>
                <line number="377" hits="1" branch="false"/>
                <line number="378" hits="1" branch="false"/>
                <line number="379" hits="1" branch="false"/>
                <line number="380" hits="1" branch="false"/>
                <line number="381" hits="1" branch="false"/>
                <line number="382" hits="0" branch="false"/>
                <line number="383" hits="0" branch="false"/>
                <line number="384" hits="0" branch="false"/>
                <line number="385" hits="0" branch="false"/>
                <line number="386" hits="0" branch="false"/>
                <line number="387" hits="0" branch="false"/>
                <line number="388" hits="0" branch="false"/>
                <line number="389" hits="0" branch="false"/>
                <line number="390" hits="1" branch="false"/>
                <line number="391" hits="1" branch="false"/>
                <line number="392" hits="1" branch="false"/>
                <line number="393" hits="1" branch="false"/>
              </lines>
            </method>
          </methods>
          <lines>
            <line number="38" hits="17" branch="false"/>
            <line number="39" hits="17" branch="false"/>
            <line number="41" hits="2" branch="false"/>
            <line number="42" hits="2" branch="false"/>
            <line number="43" hits="1" branch="false"/>
            <line number="44" hits="1" branch="false"/>
            <line number="45" hits="11" branch="false"/>
            <line number="46" hits="1" branch="false"/>
            <line number="47" hits="1" branch="false"/>
            <line number="48" hits="1" branch="false"/>
            <line number="50" hits="8" branch="false"/>
            <line number="51" hits="8" branch="false"/>
            <line number="52" hits="8" branch="false"/>
            <line number="106" hits="15" branch="false"/>
            <line number="107" hits="15" branch="false"/>
            <line number="109" hits="2" branch="false"/>
            <line number="110" hits="2" branch="false"/>
            <line number="111" hits="11" branch="false"/>
            <line number="112" hits="10" branch="false"/>
            <line number="113" hits="10" branch="false"/>
            <line number="114" hits="1" branch="false"/>
            <line number="115" hits="1" branch="false"/>
            <line number="116" hits="1" branch="false"/>
            <line number="118" hits="5" branch="false"/>
            <line number="119" hits="5" branch="false"/>
            <line number="121" hits="5" branch="false"/>
            <line number="122" hits="5" branch="false"/>
            <line number="123" hits="5" branch="false"/>
            <line number="124" hits="5" branch="false"/>
            <line number="125" hits="5" branch="false"/>
            <line number="126" hits="5" branch="false"/>
            <line number="127" hits="0" branch="false"/>
            <line number="128" hits="0" branch="false"/>
            <line number="129" hits="0" branch="false"/>
            <line number="130" hits="5" branch="false"/>
            <line number="131" hits="5" branch="false"/>
            <line number="132" hits="4" branch="false"/>
            <line number="133" hits="5" branch="false"/>
            <line number="134" hits="0" branch="false"/>
            <line number="135" hits="5" branch="false"/>
            <line number="136" hits="5" branch="false"/>
            <line number="137" hits="5" branch="false"/>
            <line number="138" hits="4" branch="false"/>
            <line number="139" hits="1" branch="false"/>
            <line number="140" hits="5" branch="false"/>
            <line number="141" hits="5" branch="false"/>
            <line number="142" hits="5" branch="false"/>
            <line number="143" hits="5" branch="false"/>
            <line number="144" hits="5" branch="false"/>
            <line number="145" hits="5" branch="false"/>
            <line number="146" hits="5" branch="false"/>
            <line number="147" hits="5" branch="false"/>
            <line number="148" hits="5" branch="false"/>
            <line number="149" hits="5" branch="false"/>
            <line number="150" hits="5" branch="false"/>
            <line number="151" hits="5" branch="false"/>
            <line number="152" hits="5" branch="false"/>
            <line number="153" hits="5" branch="false"/>
            <line number="154" hits="5" branch="false"/>
            <line number="155" hits="0" branch="false"/>
            <line number="156" hits="0" branch="false"/>
            <line number="157" hits="0" branch="false"/>
            <line number="158" hits="0" branch="false"/>
            <line number="159" hits="0" branch="false"/>
            <line number="160" hits="0" branch="false"/>
            <line number="161" hits="0" branch="false"/>
            <line number="162" hits="5" branch="false"/>
            <line number="163" hits="5" branch="false"/>
            <line number="164" hits="5" branch="false"/>
            <line number="165" hits="5" branch="false"/>
            <line number="221" hits="12" branch="false"/>
            <line number="222" hits="12" branch="false"/>
            <line number="224" hits="2" branch="false"/>
            <line number="225" hits="2" branch="false"/>
            <line number="226" hits="8" branch="false"/>
            <line number="227" hits="5" branch="false"/>
            <line number="228" hits="5" branch="false"/>
            <line number="229" hits="0" branch="false"/>
            <line number="230" hits="0" branch="false"/>
            <line number="231" hits="0" branch="false"/>
            <line number="232" hits="0" branch="false"/>
            <line number="233" hits="0" branch="false"/>
            <line number="234" hits="0" branch="false"/>
            <line number="236" hits="1" branch="false"/>
            <line number="237" hits="1" branch="false"/>
            <line number="238" hits="1" branch="false"/>
            <line number="240" hits="1" branch="false"/>
            <line number="241" hits="1" branch="false"/>
            <line number="242" hits="1" branch="false"/>
            <line number="243" hits="1" branch="false"/>
            <line number="244" hits="1" branch="false"/>
            <line number="245" hits="1" branch="false"/>
            <line number="246" hits="1" branch="false"/>
            <line number="247" hits="1" branch="false"/>
            <line number="248" hits="1" branch="false"/>
            <line number="249" hits="1" branch="false"/>
            <line number="250" hits="1" branch="false"/>
            <line number="251" hits="1" branch="false"/>
            <line number="252" hits="1" branch="false"/>
            <line number="253" hits="1" branch="false"/>
            <line number="254" hits="1" branch="false"/>
            <line number="255" hits="1" branch="false"/>
            <line number="256" hits="1" branch="false"/>
            <line number="257" hits="1" branch="false"/>
            <line number="258" hits="0" branch="false"/>
            <line number="259" hits="0" branch="false"/>
            <line number="260" hits="0" branch="false"/>
            <line number="261" hits="0" branch="false"/>
            <line number="262" hits="0" branch="false"/>
            <line number="263" hits="0" branch="false"/>
            <line number="264" hits="0" branch="false"/>
            <line number="265" hits="0" branch="false"/>
            <line number="266" hits="1" branch="false"/>
            <line number="267" hits="1" branch="false"/>
            <line number="268" hits="1" branch="false"/>
            <line number="269" hits="1" branch="false"/>
            <line number="325" hits="11" branch="false"/>
            <line number="326" hits="11" branch="false"/>
            <line number="328" hits="2" branch="false"/>
            <line number="329" hits="2" branch="false"/>
            <line number="330" hits="7" branch="false"/>
            <line number="331" hits="4" branch="false"/>
            <line number="332" hits="4" branch="false"/>
            <line number="333" hits="4" branch="false"/>
            <line number="334" hits="1" branch="false"/>
            <line number="336" hits="2" branch="false"/>
            <line number="337" hits="1" branch="false"/>
            <line number="338" hits="0" branch="false"/>
            <line number="339" hits="0" branch="false"/>
            <line number="341" hits="1" branch="false"/>
            <line number="342" hits="0" branch="false"/>
            <line number="343" hits="0" branch="false"/>
            <line number="346" hits="1" branch="false"/>
            <line number="347" hits="1" branch="false"/>
            <line number="349" hits="1" branch="false"/>
            <line number="350" hits="1" branch="false"/>
            <line number="351" hits="1" branch="false"/>
            <line number="352" hits="1" branch="false"/>
            <line number="353" hits="1" branch="false"/>
            <line number="354" hits="1" branch="false"/>
            <line number="355" hits="1" branch="false"/>
            <line number="356" hits="1" branch="false"/>
            <line number="357" hits="0" branch="false"/>
            <line number="358" hits="1" branch="false"/>
            <line number="359" hits="1" branch="false"/>
            <line number="360" hits="1" branch="false"/>
            <line number="361" hits="1" branch="false"/>
            <line number="362" hits="1" branch="false"/>
            <line number="363" hits="1" branch="false"/>
            <line number="364" hits="1" branch="false"/>
            <line number="365" hits="0" branch="false"/>
            <line number="366" hits="1" branch="false"/>
            <line number="367" hits="1" branch="false"/>
            <line number="368" hits="1" branch="false"/>
            <line number="369" hits="1" branch="false"/>
            <line number="370" hits="1" branch="false"/>
            <line number="371" hits="1" branch="false"/>
            <line number="372" hits="1" branch="false"/>
            <line number="373" hits="1" branch="false"/>
            <line number="374" hits="1" branch="false"/>
            <line number="375" hits="1" branch="false"/>
            <line number="376" hits="1" branch="false"/>
            <line number="377" hits="1" branch="false"/>
            <line number="378" hits="1" branch="false"/>
            <line number="379" hits="1" branch="false"/>
            <line number="380" hits="1" branch="false"/>
            <line number="381" hits="1" branch="false"/>
            <line number="382" hits="0" branch="false"/>
            <line number="383" hits="0" branch="false"/>
            <line number="384" hits="0" branch="false"/>
            <line number="385" hits="0" branch="false"/>
            <line number="386" hits="0" branch="false"/>
            <line number="387" hits="0" branch="false"/>
            <line number="388" hits="0" branch="false"/>
            <line number="389" hits="0" branch="false"/>
            <line number="390" hits="1" branch="false"/>
            <line number="391" hits="1" branch="false"/>
            <line number="392" hits="1" branch="false"/>
            <line number="393" hits="1" branch="false"/>
          </lines>
        </class>
        <class name="shadeRange.R" filename="R/shadeRange.R" line-rate="0.741935483870968" branch-rate="0" complexity="0">
          <methods>
            <method name="shadeRange" signature="" line-rate="0.741935483870968" branch-rate="0">
              <lines>
                <line number="44" hits="1" branch="false"/>
                <line number="45" hits="1" branch="false"/>
                <line number="46" hits="1" branch="false"/>
                <line number="48" hits="11" branch="false"/>
                <line number="49" hits="7" branch="false"/>
                <line number="52" hits="7" branch="false"/>
                <line number="53" hits="2" branch="false"/>
                <line number="54" hits="4" branch="false"/>
                <line number="57" hits="5" branch="false"/>
                <line number="58" hits="0" branch="false"/>
                <line number="60" hits="1" branch="false"/>
                <line number="61" hits="1" branch="false"/>
                <line number="62" hits="5" branch="false"/>
                <line number="63" hits="5" branch="false"/>
                <line number="64" hits="5" branch="false"/>
                <line number="65" hits="5" branch="false"/>
                <line number="66" hits="5" branch="false"/>
                <line number="67" hits="5" branch="false"/>
                <line number="68" hits="5" branch="false"/>
                <line number="69" hits="5" branch="false"/>
                <line number="70" hits="5" branch="false"/>
                <line number="71" hits="5" branch="false"/>
                <line number="72" hits="5" branch="false"/>
                <line number="74" hits="0" branch="false"/>
                <line number="75" hits="0" branch="false"/>
                <line number="76" hits="0" branch="false"/>
                <line number="77" hits="0" branch="false"/>
                <line number="78" hits="0" branch="false"/>
                <line number="79" hits="0" branch="false"/>
                <line number="80" hits="0" branch="false"/>
                <line number="83" hits="7" branch="false"/>
              </lines>
            </method>
          </methods>
          <lines>
            <line number="44" hits="1" branch="false"/>
            <line number="45" hits="1" branch="false"/>
            <line number="46" hits="1" branch="false"/>
            <line number="48" hits="11" branch="false"/>
            <line number="49" hits="7" branch="false"/>
            <line number="52" hits="7" branch="false"/>
            <line number="53" hits="2" branch="false"/>
            <line number="54" hits="4" branch="false"/>
            <line number="57" hits="5" branch="false"/>
            <line number="58" hits="0" branch="false"/>
            <line number="60" hits="1" branch="false"/>
            <line number="61" hits="1" branch="false"/>
            <line number="62" hits="5" branch="false"/>
            <line number="63" hits="5" branch="false"/>
            <line number="64" hits="5" branch="false"/>
            <line number="65" hits="5" branch="false"/>
            <line number="66" hits="5" branch="false"/>
            <line number="67" hits="5" branch="false"/>
            <line number="68" hits="5" branch="false"/>
            <line number="69" hits="5" branch="false"/>
            <line number="70" hits="5" branch="false"/>
            <line number="71" hits="5" branch="false"/>
            <line number="72" hits="5" branch="false"/>
            <line number="74" hits="0" branch="false"/>
            <line number="75" hits="0" branch="false"/>
            <line number="76" hits="0" branch="false"/>
            <line number="77" hits="0" branch="false"/>
            <line number="78" hits="0" branch="false"/>
            <line number="79" hits="0" branch="false"/>
            <line number="80" hits="0" branch="false"/>
            <line number="83" hits="7" branch="false"/>
          </lines>
        </class>
      </classes>
    </package>
  </packages>
</coverage>
